<?xml version="1.0" encoding="UTF-8"?>
<testng-results ignored="0" total="1" passed="0" failed="1" skipped="0">
  <reporter-output>
    <line>
      <![CDATA[Element is not found : [[ChromeDriver: chrome on WINDOWS (2d0dc35e2f39e50c6af08db44c3f39f3)] -> xpath: (//div[@class='zip-code-form'])[1]]
element not interactable
  (Session info: chrome=101.0.4951.54)
Build info: version: '4.1.4', revision: '535d840ee2'
System info: host: 'DESKTOP-UNKSSR0', ip: '192.168.1.161', os.name: 'Windows 10', os.arch: 'amd64', os.version: '10.0', java.version: '17.0.1'
Driver info: org.openqa.selenium.chrome.ChromeDriver
Command: [2d0dc35e2f39e50c6af08db44c3f39f3, sendKeysToElement {id=928f8f7a-89f0-41ca-a13d-8cbc486d40bb, value=[Ljava.lang.CharSequence;@25290bca}]
Capabilities {acceptInsecureCerts: false, browserName: chrome, browserVersion: 101.0.4951.54, chrome: {chromedriverVersion: 101.0.4951.41 (93c720db8323..., userDataDir: C:\Users\ruhul\AppData\Loca...}, goog:chromeOptions: {debuggerAddress: localhost:62770}, javascriptEnabled: true, networkConnectionEnabled: false, pageLoadStrategy: normal, platform: WINDOWS, platformName: WINDOWS, proxy: Proxy(), se:cdp: ws://localhost:62770/devtoo..., se:cdpVersion: 101.0.4951.54, setWindowRect: true, strictFileInteractability: false, timeouts: {implicit: 0, pageLoad: 300000, script: 30000}, unhandledPromptBehavior: dismiss and notify, webauthn:extension:credBlob: true, webauthn:extension:largeBlob: true, webauthn:virtualAuthenticators: true}
Element: [[ChromeDriver: chrome on WINDOWS (2d0dc35e2f39e50c6af08db44c3f39f3)] -> xpath: (//div[@class='zip-code-form'])[1]]
Session ID: 2d0dc35e2f39e50c6af08db44c3f39f3<br>]]>
    </line>
  </reporter-output>
  <suite started-at="2022-05-08T19:51:45 EDT" name="Default suite" finished-at="2022-05-08T19:51:58 EDT" duration-ms="13062">
    <groups>
    </groups>
    <test started-at="2022-05-08T19:51:45 EDT" name="Default test" finished-at="2022-05-08T19:51:58 EDT" duration-ms="13062">
      <class name="geico.qa.test.homeowners.AutoTest">
        <test-method is-config="true" signature="setUp()[pri:0, instance:geico.qa.test.homeowners.AutoTest@53ce1329]" started-at="2022-05-08T19:51:45 EDT" name="setUp" finished-at="2022-05-08T19:51:57 EDT" duration-ms="12226" status="PASS">
          <reporter-output>
          </reporter-output>
        </test-method> <!-- setUp -->
        <test-method signature="autoTest()[pri:0, instance:geico.qa.test.homeowners.AutoTest@53ce1329]" started-at="2022-05-08T19:51:57 EDT" name="autoTest" finished-at="2022-05-08T19:51:57 EDT" duration-ms="549" status="FAIL">
          <exception class="java.lang.AssertionError">
            <message>
              <![CDATA[null]]>
            </message>
            <full-stacktrace>
              <![CDATA[java.lang.AssertionError: null
at org.testng.Assert.fail(Assert.java:110)
at org.testng.Assert.fail(Assert.java:115)
at commons.CommonActions.inputText(CommonActions.java:37)
at objects.ZipCodePage.inputZipCode(ZipCodePage.java:22)
at geico.qa.test.homeowners.AutoTest.autoTest(AutoTest.java:11)
at java.base/jdk.internal.reflect.NativeMethodAccessorImpl.invoke0(Native Method)
at java.base/jdk.internal.reflect.NativeMethodAccessorImpl.invoke(NativeMethodAccessorImpl.java:77)
at java.base/jdk.internal.reflect.DelegatingMethodAccessorImpl.invoke(DelegatingMethodAccessorImpl.java:43)
at java.base/java.lang.reflect.Method.invoke(Method.java:568)
at org.testng.internal.invokers.MethodInvocationHelper.invokeMethod(MethodInvocationHelper.java:135)
at org.testng.internal.invokers.TestInvoker.invokeMethod(TestInvoker.java:673)
at org.testng.internal.invokers.TestInvoker.invokeTestMethod(TestInvoker.java:220)
at org.testng.internal.invokers.MethodRunner.runInSequence(MethodRunner.java:50)
at org.testng.internal.invokers.TestInvoker$MethodInvocationAgent.invoke(TestInvoker.java:945)
at org.testng.internal.invokers.TestInvoker.invokeTestMethods(TestInvoker.java:193)
at org.testng.internal.invokers.TestMethodWorker.invokeTestMethods(TestMethodWorker.java:146)
at org.testng.internal.invokers.TestMethodWorker.run(TestMethodWorker.java:128)
at java.base/java.util.ArrayList.forEach(ArrayList.java:1511)
at org.testng.TestRunner.privateRun(TestRunner.java:808)
at org.testng.TestRunner.run(TestRunner.java:603)
at org.testng.SuiteRunner.runTest(SuiteRunner.java:429)
at org.testng.SuiteRunner.runSequentially(SuiteRunner.java:423)
at org.testng.SuiteRunner.privateRun(SuiteRunner.java:383)
at org.testng.SuiteRunner.run(SuiteRunner.java:326)
at org.testng.SuiteRunnerWorker.runSuite(SuiteRunnerWorker.java:52)
at org.testng.SuiteRunnerWorker.run(SuiteRunnerWorker.java:95)
at org.testng.TestNG.runSuitesSequentially(TestNG.java:1249)
at org.testng.TestNG.runSuitesLocally(TestNG.java:1169)
at org.testng.TestNG.runSuites(TestNG.java:1092)
at org.testng.TestNG.run(TestNG.java:1060)
at org.testng.remote.AbstractRemoteTestNG.run(AbstractRemoteTestNG.java:115)
at org.testng.remote.RemoteTestNG.initAndRun(RemoteTestNG.java:251)
at org.testng.remote.RemoteTestNG.main(RemoteTestNG.java:77)
]]>
            </full-stacktrace>
          </exception> <!-- java.lang.AssertionError -->
          <reporter-output>
            <line>
              <![CDATA[Element is not found : [[ChromeDriver: chrome on WINDOWS (2d0dc35e2f39e50c6af08db44c3f39f3)] -> xpath: (//div[@class='zip-code-form'])[1]]
element not interactable
  (Session info: chrome=101.0.4951.54)
Build info: version: '4.1.4', revision: '535d840ee2'
System info: host: 'DESKTOP-UNKSSR0', ip: '192.168.1.161', os.name: 'Windows 10', os.arch: 'amd64', os.version: '10.0', java.version: '17.0.1'
Driver info: org.openqa.selenium.chrome.ChromeDriver
Command: [2d0dc35e2f39e50c6af08db44c3f39f3, sendKeysToElement {id=928f8f7a-89f0-41ca-a13d-8cbc486d40bb, value=[Ljava.lang.CharSequence;@25290bca}]
Capabilities {acceptInsecureCerts: false, browserName: chrome, browserVersion: 101.0.4951.54, chrome: {chromedriverVersion: 101.0.4951.41 (93c720db8323..., userDataDir: C:\Users\ruhul\AppData\Loca...}, goog:chromeOptions: {debuggerAddress: localhost:62770}, javascriptEnabled: true, networkConnectionEnabled: false, pageLoadStrategy: normal, platform: WINDOWS, platformName: WINDOWS, proxy: Proxy(), se:cdp: ws://localhost:62770/devtoo..., se:cdpVersion: 101.0.4951.54, setWindowRect: true, strictFileInteractability: false, timeouts: {implicit: 0, pageLoad: 300000, script: 30000}, unhandledPromptBehavior: dismiss and notify, webauthn:extension:credBlob: true, webauthn:extension:largeBlob: true, webauthn:virtualAuthenticators: true}
Element: [[ChromeDriver: chrome on WINDOWS (2d0dc35e2f39e50c6af08db44c3f39f3)] -> xpath: (//div[@class='zip-code-form'])[1]]
Session ID: 2d0dc35e2f39e50c6af08db44c3f39f3<br>]]>
            </line>
          </reporter-output>
        </test-method> <!-- autoTest -->
        <test-method is-config="true" signature="cleaningUp()[pri:0, instance:geico.qa.test.homeowners.AutoTest@53ce1329]" started-at="2022-05-08T19:51:57 EDT" name="cleaningUp" finished-at="2022-05-08T19:51:58 EDT" duration-ms="248" status="PASS">
          <reporter-output>
          </reporter-output>
        </test-method> <!-- cleaningUp -->
      </class> <!-- geico.qa.test.homeowners.AutoTest -->
    </test> <!-- Default test -->
  </suite> <!-- Default suite -->
</testng-results>
