<?xml version="1.0" encoding="UTF-8"?>
<!-- Generated by org.testng.reporters.JUnitReportReporter -->
<testsuite hostname="DESKTOP-UNKSSR0" failures="1" tests="1" name="geico.qa.test.auto.AutoTest" time="47.993" errors="0" timestamp="2022-05-12T20:10:10 EDT" skipped="0">
  <testcase classname="geico.qa.test.auto.AutoTest" name="autoTest" time="47.993">
    <failure message="null" type="java.lang.AssertionError">
      <![CDATA[java.lang.AssertionError: null
at org.testng.Assert.fail(Assert.java:110)
at org.testng.Assert.fail(Assert.java:115)
at commons.CommonActions.click(CommonActions.java:25)
at objects.AboutYouPage.clickNextBtn(AboutYouPage.java:28)
at geico.qa.test.auto.AutoTest.autoTest(AutoTest.java:19)
at java.base/jdk.internal.reflect.NativeMethodAccessorImpl.invoke0(Native Method)
at java.base/jdk.internal.reflect.NativeMethodAccessorImpl.invoke(NativeMethodAccessorImpl.java:77)
at java.base/jdk.internal.reflect.DelegatingMethodAccessorImpl.invoke(DelegatingMethodAccessorImpl.java:43)
at java.base/java.lang.reflect.Method.invoke(Method.java:568)
at org.testng.internal.invokers.MethodInvocationHelper.invokeMethod(MethodInvocationHelper.java:135)
at org.testng.internal.invokers.TestInvoker.invokeMethod(TestInvoker.java:673)
at org.testng.internal.invokers.TestInvoker.invokeTestMethod(TestInvoker.java:220)
at org.testng.internal.invokers.MethodRunner.runInSequence(MethodRunner.java:50)
at org.testng.internal.invokers.TestInvoker$MethodInvocationAgent.invoke(TestInvoker.java:945)
at org.testng.internal.invokers.TestInvoker.invokeTestMethods(TestInvoker.java:193)
at org.testng.internal.invokers.TestMethodWorker.invokeTestMethods(TestMethodWorker.java:146)
at org.testng.internal.invokers.TestMethodWorker.run(TestMethodWorker.java:128)
at java.base/java.util.ArrayList.forEach(ArrayList.java:1511)
at org.testng.TestRunner.privateRun(TestRunner.java:808)
at org.testng.TestRunner.run(TestRunner.java:603)
at org.testng.SuiteRunner.runTest(SuiteRunner.java:429)
at org.testng.SuiteRunner.runSequentially(SuiteRunner.java:423)
at org.testng.SuiteRunner.privateRun(SuiteRunner.java:383)
at org.testng.SuiteRunner.run(SuiteRunner.java:326)
at org.testng.SuiteRunnerWorker.runSuite(SuiteRunnerWorker.java:52)
at org.testng.SuiteRunnerWorker.run(SuiteRunnerWorker.java:95)
at org.testng.TestNG.runSuitesSequentially(TestNG.java:1249)
at org.testng.TestNG.runSuitesLocally(TestNG.java:1169)
at org.testng.TestNG.runSuites(TestNG.java:1092)
at org.testng.TestNG.run(TestNG.java:1060)
at org.testng.remote.AbstractRemoteTestNG.run(AbstractRemoteTestNG.java:115)
at org.testng.remote.RemoteTestNG.initAndRun(RemoteTestNG.java:251)
at org.testng.remote.RemoteTestNG.main(RemoteTestNG.java:77)
]]>
    </failure>
  </testcase> <!-- autoTest -->
  <system-out>
    <![CDATA[14215 : value passed to element : [[ChromeDriver: chrome on WINDOWS (75137e444b5c1c7ba8600c2cbfb23db6)] -> xpath: (//input[@class='zip-code-input'])[1]]<br>
Element is Cliking : [[ChromeDriver: chrome on WINDOWS (75137e444b5c1c7ba8600c2cbfb23db6)] -> xpath: //input[@class='btn btn--secondary']]<br>
Element is Cliking : [[ChromeDriver: chrome on WINDOWS (75137e444b5c1c7ba8600c2cbfb23db6)] -> xpath: (//div[@class='product-checkbox'])[1]]<br>
Element is Cliking : [[ChromeDriver: chrome on WINDOWS (75137e444b5c1c7ba8600c2cbfb23db6)] -> xpath: //a[@class='modal-trigger btn btn--primary btn--full-mobile']]<br>
Element is Cliking : Proxy element for: DefaultElementLocator 'By.xpath: //input[@class='btn btn--primary btn--full-mobile']'<br>
10101990 : value passed to element : [[ChromeDriver: chrome on WINDOWS (75137e444b5c1c7ba8600c2cbfb23db6)] -> xpath: //input[starts-with(@id,'Id_GiveDateOfBirth')]]<br>
Element is unable to click: Proxy element for: DefaultElementLocator 'By.id: Id_GiveDateOfBirth_62515Button'
Expected condition failed: waiting for element to be clickable: Proxy element for: DefaultElementLocator 'By.id: Id_GiveDateOfBirth_62515Button' (tried for 10 second(s) with 500 milliseconds interval)<br>]]>
  </system-out>
</testsuite> <!-- geico.qa.test.auto.AutoTest -->
